Using pre-set license

 COMMAND LINE ARGUMENTS:
/Applications/Unity/Hub/Editor/2020.3.16f1/Unity.app/Contents/MacOS/Unity
-adb2
-batchMode
-noUpm
-name
AssetImportWorker0
-projectPath
/Users/elsasjogren/Desktop/UnityProjects/SwedishChef2D/ElsaHailleChef2D
-logFile
Logs/AssetImportWorker0.log
-srvPort
50941
Successfully changed project path to: /Users/elsasjogren/Desktop/UnityProjects/SwedishChef2D/ElsaHailleChef2D
/Users/elsasjogren/Desktop/UnityProjects/SwedishChef2D/ElsaHailleChef2D
Using Asset Import Pipeline V2.
Refreshing native plugins compatible for Editor in 44.59 ms, found 3 plugins.
Preloading 0 native plugins for Editor in 0.00 ms.
Initialize engine version: 2020.3.16f1 (049d6eca3c44)
[Subsystems] Discovering subsystems at path /Applications/Unity/Hub/Editor/2020.3.16f1/Unity.app/Contents/Resources/UnitySubsystems
[Subsystems] Discovering subsystems at path /Users/elsasjogren/Desktop/UnityProjects/SwedishChef2D/ElsaHailleChef2D/Assets
GfxDevice: creating device client; threaded=0
2021-09-24 10:19:10.830 Unity[60329:27923056] Color LCD preferred device: Intel(R) Iris(TM) Plus Graphics 655 (low power)
2021-09-24 10:19:10.830 Unity[60329:27923056] Metal devices available: 1
2021-09-24 10:19:10.830 Unity[60329:27923056] 0: Intel(R) Iris(TM) Plus Graphics 655 (low power)
2021-09-24 10:19:10.830 Unity[60329:27923056] Using device Intel(R) Iris(TM) Plus Graphics 655 (low power)
Initializing Metal device caps: Intel(R) Iris(TM) Plus Graphics 655
Initialize mono
Mono path[0] = '/Applications/Unity/Hub/Editor/2020.3.16f1/Unity.app/Contents/Managed'
Mono path[1] = '/Applications/Unity/Hub/Editor/2020.3.16f1/Unity.app/Contents/MonoBleedingEdge/lib/mono/unityjit'
Mono config path = '/Applications/Unity/Hub/Editor/2020.3.16f1/Unity.app/Contents/MonoBleedingEdge/etc'
Using monoOptions --debugger-agent=transport=dt_socket,embedding=1,server=y,suspend=n,address=127.0.0.1:56329
Begin MonoManager ReloadAssembly
Registering precompiled unity dll's ...
Register platform support module: /Applications/Unity/Hub/Editor/2020.3.16f1/PlaybackEngines/WebGLSupport/UnityEditor.WebGL.Extensions.dll
Register platform support module: /Applications/Unity/Hub/Editor/2020.3.16f1/Unity.app/Contents/PlaybackEngines/MacStandaloneSupport/UnityEditor.OSXStandalone.Extensions.dll
Registered in 0.004602 seconds.
Native extension for OSXStandalone target not found
Native extension for WebGL target not found
Refreshing native plugins compatible for Editor in 42.54 ms, found 3 plugins.
Preloading 0 native plugins for Editor in 0.00 ms.
Mono: successfully reloaded assembly
- Completed reload, in  1.685 seconds
Domain Reload Profiling:
	ReloadAssembly (1685ms)
		BeginReloadAssembly (38ms)
			ExecutionOrderSort (0ms)
			DisableScriptedObjects (0ms)
			BackupInstance (0ms)
			ReleaseScriptingObjects (0ms)
			CreateAndSetChildDomain (1ms)
		EndReloadAssembly (536ms)
			LoadAssemblies (40ms)
			RebuildTransferFunctionScriptingTraits (0ms)
			SetupTypeCache (205ms)
			ReleaseScriptCaches (0ms)
			RebuildScriptCaches (44ms)
			SetupLoadedEditorAssemblies (223ms)
				LogAssemblyErrors (0ms)
				InitializePlatformSupportModulesInManaged (5ms)
				SetLoadedEditorAssemblies (0ms)
				RefreshPlugins (43ms)
				BeforeProcessingInitializeOnLoad (32ms)
				ProcessInitializeOnLoadAttributes (111ms)
				ProcessInitializeOnLoadMethodAttributes (33ms)
				AfterProcessingInitializeOnLoad (0ms)
				EditorAssembliesLoaded (0ms)
			ExecutionOrderSort2 (0ms)
			AwakeInstancesAfterBackupRestoration (0ms)
Platform modules already initialized, skipping
Registering precompiled user dll's ...
Registered in 0.008027 seconds.
Begin MonoManager ReloadAssembly
Native extension for OSXStandalone target not found
Native extension for WebGL target not found
Refreshing native plugins compatible for Editor in 44.03 ms, found 3 plugins.
Preloading 0 native plugins for Editor in 0.00 ms.
Mono: successfully reloaded assembly
- Completed reload, in  1.454 seconds
Domain Reload Profiling:
	ReloadAssembly (1455ms)
		BeginReloadAssembly (169ms)
			ExecutionOrderSort (0ms)
			DisableScriptedObjects (6ms)
			BackupInstance (0ms)
			ReleaseScriptingObjects (0ms)
			CreateAndSetChildDomain (36ms)
		EndReloadAssembly (1213ms)
			LoadAssemblies (107ms)
			RebuildTransferFunctionScriptingTraits (0ms)
			SetupTypeCache (404ms)
			ReleaseScriptCaches (1ms)
			RebuildScriptCaches (66ms)
			SetupLoadedEditorAssemblies (476ms)
				LogAssemblyErrors (0ms)
				InitializePlatformSupportModulesInManaged (5ms)
				SetLoadedEditorAssemblies (0ms)
				RefreshPlugins (44ms)
				BeforeProcessingInitializeOnLoad (81ms)
				ProcessInitializeOnLoadAttributes (332ms)
				ProcessInitializeOnLoadMethodAttributes (14ms)
				AfterProcessingInitializeOnLoad (1ms)
				EditorAssembliesLoaded (0ms)
			ExecutionOrderSort2 (0ms)
			AwakeInstancesAfterBackupRestoration (8ms)
Platform modules already initialized, skipping
========================================================================
Worker process is ready to serve import requests
Launching external process: /Applications/Unity/Hub/Editor/2020.3.16f1/Unity.app/Contents/Tools/UnityShaderCompiler
Launched and connected shader compiler UnityShaderCompiler after 0.02 seconds
Refreshing native plugins compatible for Editor in 0.51 ms, found 3 plugins.
Preloading 0 native plugins for Editor in 0.00 ms.
Unloading 2091 Unused Serialized files (Serialized files now loaded: 0)
System memory in use before: 172.3 MB.
System memory in use after: 172.4 MB.

Unloading 28 unused Assets to reduce memory usage. Loaded Objects now: 2528.
Total: 5.019153 ms (FindLiveObjects: 0.361756 ms CreateObjectMapping: 0.139660 ms MarkObjects: 4.444985 ms  DeleteObjects: 0.071613 ms)

AssetImportParameters requested are different than current active one (requested -> active):
  custom:video-decoder-ogg-theora: a1e56fd34408186e4bbccfd4996cb3dc -> 
  custom:container-muxer-webm: aa71ff27fc2769a1b78a27578f13a17b -> 
  custom:container-demuxer-webm: 4f35f7cbe854078d1ac9338744f61a02 -> 
  custom:container-demuxer-ogg: 62fdf1f143b41e24485cea50d1cbac27 -> 
  custom:video-encoder-webm-vp8: eb34c28f22e8b96e1ab97ce403110664 -> 
  custom:framework-osx-AVFoundation: b23960f63f64bdc6ff669e2cdcee2391 -> 
  custom:video-decoder-webm-vp8: 9c59270c3fd7afecdb556c50c9e8de78 -> 
  custom:audio-decoder-ogg-vorbis: bf7c407c2cedff20999df2af8eb42d56 -> 
  custom:audio-encoder-webm-vorbis: bf7c407c2cedff20999df2af8eb42d56 -> 
========================================================================
Received Import Request.
  path: Assets/Scenes/Sprites/Chef W2.png
  artifactKey: Guid(6a0148e397a004b4ab58f601ab9aed66) Importer(815301076,1909f56bfc062723c751e8b465ee728b)
Start importing Assets/Scenes/Sprites/Chef W2.png using Guid(6a0148e397a004b4ab58f601ab9aed66) Importer(815301076,1909f56bfc062723c751e8b465ee728b)  -> (artifact id: '5f44e54dad900a29f3342044364c3c7c') in 0.392436 seconds 
  Import took 0.396270 seconds .

========================================================================
Received Import Request.
  Time since last request: 3.357715 seconds.
  path: Assets/Scenes/Sprites/Chef W2.png
  artifactKey: Guid(6a0148e397a004b4ab58f601ab9aed66) Importer(815301076,1909f56bfc062723c751e8b465ee728b)
Start importing Assets/Scenes/Sprites/Chef W2.png using Guid(6a0148e397a004b4ab58f601ab9aed66) Importer(815301076,1909f56bfc062723c751e8b465ee728b)  -> (artifact id: 'ec7677ed00fc43459b140bb0d8ab22d6') in 0.048000 seconds 
  Import took 0.052178 seconds .

========================================================================
Received Import Request.
  Time since last request: 33.082702 seconds.
  path: Assets/New Folder
  artifactKey: Guid(8bde8e6ea1c9a4706b95d319f8203742) Importer(815301076,1909f56bfc062723c751e8b465ee728b)
Start importing Assets/New Folder using Guid(8bde8e6ea1c9a4706b95d319f8203742) Importer(815301076,1909f56bfc062723c751e8b465ee728b)  -> (artifact id: '22b5b942ce6ace9afbb4979c1297415c') in 0.002986 seconds 
  Import took 0.011221 seconds .

========================================================================
Received Import Request.
  Time since last request: 0.002296 seconds.
  path: Assets/New Folder
  artifactKey: Guid(8bde8e6ea1c9a4706b95d319f8203742) Importer(815301076,1909f56bfc062723c751e8b465ee728b)
Start importing Assets/New Folder using Guid(8bde8e6ea1c9a4706b95d319f8203742) Importer(815301076,1909f56bfc062723c751e8b465ee728b)  -> (artifact id: '22b5b942ce6ace9afbb4979c1297415c') in 0.001756 seconds 
  Import took 0.008206 seconds .

========================================================================
Received Import Request.
  Time since last request: 29.200427 seconds.
  path: Assets/Scripts
  artifactKey: Guid(8bde8e6ea1c9a4706b95d319f8203742) Importer(815301076,1909f56bfc062723c751e8b465ee728b)
Start importing Assets/Scripts using Guid(8bde8e6ea1c9a4706b95d319f8203742) Importer(815301076,1909f56bfc062723c751e8b465ee728b)  -> (artifact id: '1a8b1e6b6b918f3a3833d6c5d3052601') in 0.001315 seconds 
  Import took 0.005299 seconds .

========================================================================
Received Import Request.
  Time since last request: 5.218464 seconds.
  path: Assets/Sounds
  artifactKey: Guid(3c2b439cd6f1c4a538c289ec84e3d91b) Importer(815301076,1909f56bfc062723c751e8b465ee728b)
Start importing Assets/Sounds using Guid(3c2b439cd6f1c4a538c289ec84e3d91b) Importer(815301076,1909f56bfc062723c751e8b465ee728b)  -> (artifact id: '46be81db7f904e19a7f847abf264e7e5') in 0.001580 seconds 
  Import took 0.005672 seconds .

========================================================================
Received Import Request.
  Time since last request: 0.002466 seconds.
  path: Assets/Sounds
  artifactKey: Guid(3c2b439cd6f1c4a538c289ec84e3d91b) Importer(815301076,1909f56bfc062723c751e8b465ee728b)
Start importing Assets/Sounds using Guid(3c2b439cd6f1c4a538c289ec84e3d91b) Importer(815301076,1909f56bfc062723c751e8b465ee728b)  -> (artifact id: '46be81db7f904e19a7f847abf264e7e5') in 0.001063 seconds 
  Import took 0.004145 seconds .

